Terminals unused in grammar

   TOKEN_BOOL
   TOKEN_BVEC2
   TOKEN_BVEC3
   TOKEN_BVEC4
   TOKEN_INT
   TOKEN_IVEC2
   TOKEN_IVEC3
   TOKEN_IVEC4
   TOKEN_FLOAT
   TOKEN_VEC2
   TOKEN_VEC3
   TOKEN_VEC4
   TOKEN_VARIABLE
   TOKEN_INTEGER_VAL
   TOKEN_IDENTIFIER
   TOKEN_LIT
   TOKEN_RSQ
   TOKEN_DP3
   TOKEN_IF
   TOKEN_ELSE
   TOKEN_WHILE
   TOKEN_TRUE
   TOKEN_FALSE
   TOKEN_PLUS
   TOKEN_MINUS
   TOKEN_MUL
   TOKEN_DIV
   TOKEN_EXP
   TOKEN_NOT
   TOKEN_AND
   TOKEN_OR
   TOKEN_EQUAL
   TOKEN_NOT_EQUAL
   TOKEN_LTHAN
   TOKEN_LTHAN_EQUAL
   TOKEN_GTHAN
   TOKEN_GTHAN_EQUAL
   TOKEN_CONST
   TOKEN_FLOAT_VAL
   TOKEN_ASSIGN
   TOKEN_VOID
   TOKEN_EOL
   TOKEN_OPEN_SB
   TOKEN_CLOSE_SB
   TOKEN_OPEN_CB
   TOKEN_CLOSE_CB
   TOKEN_OPEN_SQB
   TOKEN_CLOSE_SQB
   TOKEN_NEW_LINE


Rules useless in parser due to conflicts

    4 token: %empty


State 2 conflicts: 1 reduce/reduce


Grammar

    0 $accept: program $end

    1 program: tokens

    2 tokens: tokens token
    3       | %empty

    4 token: %empty


Terminals, with rules where they appear

$end (0) 0
error (256)
TOKEN_BOOL (258)
TOKEN_BVEC2 (259)
TOKEN_BVEC3 (260)
TOKEN_BVEC4 (261)
TOKEN_INT (262)
TOKEN_IVEC2 (263)
TOKEN_IVEC3 (264)
TOKEN_IVEC4 (265)
TOKEN_FLOAT (266)
TOKEN_VEC2 (267)
TOKEN_VEC3 (268)
TOKEN_VEC4 (269)
TOKEN_VARIABLE (270)
TOKEN_INTEGER_VAL (271)
TOKEN_IDENTIFIER (272)
TOKEN_LIT (273)
TOKEN_RSQ (274)
TOKEN_DP3 (275)
TOKEN_IF (276)
TOKEN_ELSE (277)
TOKEN_WHILE (278)
TOKEN_TRUE (279)
TOKEN_FALSE (280)
TOKEN_PLUS (281)
TOKEN_MINUS (282)
TOKEN_MUL (283)
TOKEN_DIV (284)
TOKEN_EXP (285)
TOKEN_NOT (286)
TOKEN_AND (287)
TOKEN_OR (288)
TOKEN_EQUAL (289)
TOKEN_NOT_EQUAL (290)
TOKEN_LTHAN (291)
TOKEN_LTHAN_EQUAL (292)
TOKEN_GTHAN (293)
TOKEN_GTHAN_EQUAL (294)
TOKEN_CONST (295)
TOKEN_FLOAT_VAL (296)
TOKEN_ASSIGN (297)
TOKEN_VOID (298)
TOKEN_EOL (299)
TOKEN_OPEN_SB (300)
TOKEN_CLOSE_SB (301)
TOKEN_OPEN_CB (302)
TOKEN_CLOSE_CB (303)
TOKEN_OPEN_SQB (304)
TOKEN_CLOSE_SQB (305)
TOKEN_NEW_LINE (306)


Nonterminals, with rules where they appear

$accept (52)
    on left: 0
program (53)
    on left: 1, on right: 0
tokens (54)
    on left: 2 3, on right: 1 2
token (55)
    on left: 4, on right: 2


State 0

    0 $accept: . program $end

    $default  reduce using rule 3 (tokens)

    program  go to state 1
    tokens   go to state 2


State 1

    0 $accept: program . $end

    $end  shift, and go to state 3


State 2

    1 program: tokens .
    2 tokens: tokens . token

    $end      reduce using rule 1 (program)
    $end      [reduce using rule 4 (token)]
    $default  reduce using rule 1 (program)

    token  go to state 4


State 3

    0 $accept: program $end .

    $default  accept


State 4

    2 tokens: tokens token .

    $default  reduce using rule 2 (tokens)
